[devscan]
scan_dev=2:-1:0:-1:0x0:512:204800:C:\Users\Shawf\Downloads\bitlocker-1.dd
scan_range="0x0-0x6400000"
scan_ltrack=1.1:0x0:1.1:818:110:0x52332eb8dc000
scan_ltrackorg=1.1:818:0x3:0x1:0x0:0x6400000:0x400000
scan_lbps=512
scan_state_sec="block:0x2000;inc:0x0;first:0x0;shift:0x0;sec:0x32000;set:0x0"
scan_modules=0x3
module_flags="10;0x7,0x7,0x7,0x7,0x7,0x7,0x7,0x7,0x7,0x7,"
module_states="10;0x10,0x10,0x0,0x0,0x0,0x0,0x0,0x0,0x0,0x0,"
expgrp="10;0x0,0x1,0x0,0x0,0x0,0x0,0x0,0x0,0x0,0x0,"
modselected=-1
volsortcol=3
extarr="151;xml,html,htm,reg,png,pdf,exe,msi,chm,jpeg,jpg,jpe,jfif,jif,jfi,wav,gif,\
rtf,doc,html,htm,7z,vdi,vmdk,mp3,avi,cr2,nef,nrw,dng,tiff,tif,dng,ps,eps,doc,xls,\
ppt,msi,msp,wmv,wma,asf,psd,aiff,aifc,aif,iff,snd,flac,midi,mid,arc,bz2,tbz2,tar,\
ogg,oga,ogv,cab,rar,iso,doc,docx,xlsx,pptx,xls,ppt,ott,odt,otg,odg,otp,odp,ots,ods,\
otc,odc,oti,odi,otf,odf,oth,odm,apk,jar,apk,zip,zipx,jar,mkv,flv,mov,mov,mp4,mp4,\
dll,mui,ocx,cpl,ocx,vhd,vhd,vhdx,vmdk,pst,ost,pab,bmp,m2ts,mts,djvu,djv,doc,docx,\
pptx,ppt,xlsx,xls,doc,xls,ppt,msi,msp,mpeg,mpg,mpe,mpeg,mpg,mpe,mpeg,mpg,mpe,mov,\
crw,srw,raf,orf,jpeg,jpg,jpe,jfif,jif,jfi,mp3,cr3,heic,key,numbers,pages,zip"

[rawscan]
scan_vorg=1.3
scan_modltrack=1.0:0x0:1.3:818:110:0x1722a6adba000
scan_modltrackorg=1.3:818:0x0:0x0
ft_opmask=0x3ff
ft_op[gif.]=0x8
ft_op[jpg.]=0x88
ft_op[png.]=0x8
ft_op[pdf.]=0x8
ft_op[zip.]=0x8
ft_op[mpeg.]=0x8
ft_op[.]=0x0
ft_op[xml]=0x800
ft_op[reg]=0x800
ft_op[png]=0x2
ft_op[pdf]=0x0
ft_op[exe-DOS]=0x11
ft_op[exe-Win]=0x0
ft_op[chm]=0x0
ft_op[jpeg]=0x0
ft_op[wav]=0x0
ft_op[gif]=0x2
ft_op[rtf]=0x800
ft_op[html]=0x800
ft_op[7z]=0x2
ft_op[vdi]=0x4
ft_op[vmdk]=0x4
ft_op[mp3]=0x1
ft_op[avi]=0x0
ft_op[cr2]=0x0
ft_op[nef]=0x0
ft_op[tiff]=0x0
ft_op[ps]=0x800
ft_op[doc-]=0x200
ft_op[wmv]=0x0
ft_op[psd]=0x0
ft_op[aiff]=0x0
ft_op[flac]=0x0
ft_op[midi]=0x0
ft_op[arc]=0x0
ft_op[bz2]=0x0
ft_op[tar]=0x224
ft_op[ogg]=0x0
ft_op[cab]=0x3
ft_op[gz]=0x13
ft_op[rar]=0x102
ft_op[iso]=0x204
ft_op_scmxofs[iso]=10240
ft_op[docx-]=0x2
ft_op[ott]=0x2
ft_op[odt]=0x2
ft_op[otg]=0x2
ft_op[odg]=0x2
ft_op[otp]=0x2
ft_op[odp]=0x2
ft_op[ots]=0x2
ft_op[ods]=0x2
ft_op[otc]=0x2
ft_op[odc]=0x2
ft_op[oti]=0x2
ft_op[odi]=0x2
ft_op[otf]=0x2
ft_op[odf]=0x2
ft_op[oth]=0x2
ft_op[odm]=0x2
ft_op[apk]=0x2
ft_op[jar]=0x2
ft_op[zip]=0x2
ft_op[zip-null]=0x11
ft_op[mkv]=0x0
ft_op[flv]=0x0
ft_op[mov]=0x0
ft_op[mp4-mov]=0x0
ft_op[mp4]=0x0
ft_op[elf]=0x8
ft_op[dll]=0x0
ft_op[WinPE]=0x0
ft_op[vhd.]=0x8
ft_op[vhd]=0x4
ft_op[vhdx]=0x4
ft_op[vmdk-desc]=0x800
ft_op[pst]=0x0
ft_op[bmp]=0x0
ft_op[mts]=0x200
ft_op[mts-B]=0x210
ft_op[djvu]=0x0
ft_op[docx]=0x2
ft_op[pptx]=0x2
ft_op[xlsx]=0x2
ft_op[doc]=0x200
ft_op[xls]=0x200
ft_op[ppt]=0x200
ft_op[msi]=0x204
ft_op[opt]=0x208
ft_op[thumbs.db]=0x208
ft_op[cdoc-r]=0x9
ft_op[mpeg-A]=0x300
ft_op[mpeg-B]=0x300
ft_op[mpeg-C]=0x300
ft_op[mov-B]=0x0
ft_op[crw]=0x0
ft_op[srw]=0x0
ft_op[raf]=0x0
ft_op[orf]=0x0
ft_op[jpeg-B]=0x0
ft_op[mp3-B]=0x261
ft_op[cr3]=0x0
ft_op[heic]=0x0
ft_op[iWork]=0x2
ft_op[Archives]=0x10
ft_op[Documents]=0x10
ft_op[Graphics]=0x10
ft_op[Media]=0x10
ft_op[Text]=0x10
ft_op[DiskImages]=0x10
ft_op[Executable]=0x10
ft_op[Other]=0x10
ft_op[Removed]=0x10
ft_op[Spec.]=0x10
ft_sort="103;Archives,7z,arc,bz2,cab,gz,rar,tar,zip,zip-null,Documents,chm,djvu,\
doc,doc-,docx,docx-,iWork,odc,odf,odg,odi,odm,odp,ods,odt,opt,otc,otf,otg,oth,oti,\
otp,ots,ott,pdf,ppt,pptx,ps,pst,rtf,xls,xlsx,Graphics,bmp,cr2,cr3,crw,gif,heic,jpeg,\
jpeg-B,nef,orf,png,psd,raf,srw,tiff,Media,aiff,avi,flac,flv,midi,mkv,mov,mov-B,mp3,\
mp3-B,mp4,mp4-mov,mpeg-A,mpeg-B,mpeg-C,mts,mts-B,ogg,wav,wmv,Text,html,reg,xml,DiskImages,\
iso,vdi,vhd,vhd.,vhdx,vmdk,vmdk-desc,Executable,apk,dll,elf,exe-DOS,exe-Win,jar,\
msi,WinPE,Other,thumbs.db,"
ft[gif.]=!"1;547d800:0"
ft[jpg.]=!"1;4f15600:0"
ft[.]=!"5;21bb220:101e0l42a}.r1d{hfe25de|~Ioba802j381fe"

[ntfsscan3.1]
scan_dev=2:-1:0:-1:0x0:512:204800:"C:\Users\Shawf\Downloads\bitlocker-1.dd"
scan_vorg=3.4
scan_range="0x0-0x6400000"
scan_state_sec="block:0x2000;inc:0x2000;first:0x0;shift:0x0;sec:0x32000;set:0x0"
scan_flags=0x7
mftsortcol=0
mftsortrev=0
mftcheckmask=0x22c
mftfiltminlen=0
mftfiltmaxlen=0
mftfiltofs=0x0-0x0
mftfiltnum=0-0
MFTRuns="0;"
INDX_recs_times=0
INDX_ofs="0;"
volstartstotnum=0
volstarts="5;0x7e00:1:0x2,0x0:1:0x2,0x200:1:0x2,0xfffffff12fe00000:1:0x2,0xfffffffe30600000:1:0x2,"
volstartsother=0
maxmftnumallow=2147483647
maxvolsize=0x6400000
volumes="0;"
scan_vorg=3.4
scan_modltrack=0.0:0x0:3.4:818:0:0xc19b2a2486000
scan_modltrackorg=3.4:818:0x0:0x0
